[2025-11-20 14:44:41,165] multiqc                                            [DEBUG  ]  No MultiQC config found: /home/cbm/software/miniconda3/envs/NGSTools/lib/python3.7/site-packages/multiqc_config.yaml
[2025-11-20 14:44:41,165] multiqc                                            [DEBUG  ]  No MultiQC config found: /home/cbm/.multiqc_config.yaml
[2025-11-20 14:44:41,165] multiqc                                            [DEBUG  ]  No MultiQC config found: multiqc_config.yaml
[2025-11-20 14:44:41,165] multiqc                                            [DEBUG  ]  Command used: /home/cbm/software/miniconda3/envs/NGSTools/bin/multiqc .
[2025-11-20 14:44:41,604] multiqc                                            [WARNING]  MultiQC Version v1.32 now available!
[2025-11-20 14:44:41,604] multiqc                                            [INFO   ]  This is MultiQC v1.10.1
[2025-11-20 14:44:41,604] multiqc                                            [DEBUG  ]  Command     : /home/cbm/software/miniconda3/envs/NGSTools/bin/multiqc .
[2025-11-20 14:44:41,604] multiqc                                            [DEBUG  ]  Working dir : /home/cbm/Documents/curso_CCC/CursoCSIC/2025/dia5/fastqc
[2025-11-20 14:44:41,605] multiqc                                            [INFO   ]  Template    : default
[2025-11-20 14:44:41,605] multiqc                                            [DEBUG  ]  Running Python 3.7.10 | packaged by conda-forge | (default, Feb 19 2021, 16:07:37)  [GCC 9.3.0]
[2025-11-20 14:44:41,605] multiqc                                            [INFO   ]  Searching   : /home/cbm/Documents/curso_CCC/CursoCSIC/2025/dia5/fastqc
[2025-11-20 14:44:41,606] multiqc                                            [DEBUG  ]  Analysing modules: custom_content, ngsderive, purple, conpair, peddy, somalier, methylQA, mosdepth, phantompeakqualtools, qualimap, preseq, quast, qorts, rna_seqc, rockhopper, rsem, rseqc, busco, goleft_indexcov, disambiguate, supernova, deeptools, sargasso, verifybamid, mirtrace, happy, mirtop, homer, hops, macs2, theta2, snpeff, gatk, htseq, bcftools, featureCounts, fgbio, dragen, dedup, damageprofiler, biobambam2, jcvi, mtnucratio, picard, sentieon, prokka, qc3C, samblaster, samtools, sexdeterrmine, eigenstratdatabasetools, bamtools, jellyfish, vcftools, longranger, stacks, varscan2, bbmap, bismark, biscuit, hicexplorer, hicup, hicpro, salmon, kallisto, slamdunk, star, hisat2, tophat, bowtie2, bowtie1, snpsplit, kat, leehom, adapterRemoval, clipandmerge, cutadapt, flexbar, kaiju, kraken, malt, trimmomatic, sickle, skewer, sortmerna, biobloomtools, fastq_screen, afterqc, fastp, fastqc, pychopper, pycoqc, minionqc, multivcfanalyzer, clusterflow, bcl2fastq, interop, ivar, flash, seqyclean, optitype
[2025-11-20 14:44:41,606] multiqc                                            [DEBUG  ]  Using temporary directory for creating report: /tmp/tmpph2u_dnj
[2025-11-20 14:44:41,864] multiqc                                            [DEBUG  ]  File ignored by hicexplorer because it exceeded search pattern filesize limit: F3D149_S215_L001_R2_001_fastqc.html
[2025-11-20 14:44:41,868] multiqc                                            [DEBUG  ]  File ignored by longranger/invocation because it exceeded search pattern filesize limit: F3D149_S215_L001_R2_001_fastqc.html
[2025-11-20 14:44:41,955] multiqc                                            [DEBUG  ]  File ignored by hicexplorer because it exceeded search pattern filesize limit: F3D6_S194_L001_R1_001_fastqc.html
[2025-11-20 14:44:41,958] multiqc                                            [DEBUG  ]  File ignored by longranger/invocation because it exceeded search pattern filesize limit: F3D6_S194_L001_R1_001_fastqc.html
[2025-11-20 14:44:42,047] multiqc                                            [DEBUG  ]  File ignored by hicexplorer because it exceeded search pattern filesize limit: F3D8_S196_L001_R2_001_fastqc.html
[2025-11-20 14:44:42,050] multiqc                                            [DEBUG  ]  File ignored by longranger/invocation because it exceeded search pattern filesize limit: F3D8_S196_L001_R2_001_fastqc.html
[2025-11-20 14:44:42,132] multiqc                                            [DEBUG  ]  File ignored by hicexplorer because it exceeded search pattern filesize limit: F3D147_S213_L001_R1_001_fastqc.html
[2025-11-20 14:44:42,142] multiqc                                            [DEBUG  ]  File ignored by longranger/invocation because it exceeded search pattern filesize limit: F3D147_S213_L001_R1_001_fastqc.html
[2025-11-20 14:44:42,223] multiqc                                            [DEBUG  ]  File ignored by hicexplorer because it exceeded search pattern filesize limit: F3D1_S189_L001_R1_001_fastqc.html
[2025-11-20 14:44:42,226] multiqc                                            [DEBUG  ]  File ignored by longranger/invocation because it exceeded search pattern filesize limit: F3D1_S189_L001_R1_001_fastqc.html
[2025-11-20 14:44:42,313] multiqc                                            [DEBUG  ]  File ignored by hicexplorer because it exceeded search pattern filesize limit: F3D142_S208_L001_R2_001_fastqc.html
[2025-11-20 14:44:42,316] multiqc                                            [DEBUG  ]  File ignored by longranger/invocation because it exceeded search pattern filesize limit: F3D142_S208_L001_R2_001_fastqc.html
[2025-11-20 14:44:42,404] multiqc                                            [DEBUG  ]  File ignored by hicexplorer because it exceeded search pattern filesize limit: F3D150_S216_L001_R1_001_fastqc.html
[2025-11-20 14:44:42,407] multiqc                                            [DEBUG  ]  File ignored by longranger/invocation because it exceeded search pattern filesize limit: F3D150_S216_L001_R1_001_fastqc.html
[2025-11-20 14:44:42,496] multiqc                                            [DEBUG  ]  File ignored by hicexplorer because it exceeded search pattern filesize limit: F3D0_S188_L001_R2_001_fastqc.html
[2025-11-20 14:44:42,499] multiqc                                            [DEBUG  ]  File ignored by longranger/invocation because it exceeded search pattern filesize limit: F3D0_S188_L001_R2_001_fastqc.html
[2025-11-20 14:44:42,586] multiqc                                            [DEBUG  ]  File ignored by hicexplorer because it exceeded search pattern filesize limit: F3D148_S214_L001_R1_001_fastqc.html
[2025-11-20 14:44:42,588] multiqc                                            [DEBUG  ]  File ignored by longranger/invocation because it exceeded search pattern filesize limit: F3D148_S214_L001_R1_001_fastqc.html
[2025-11-20 14:44:42,677] multiqc                                            [DEBUG  ]  File ignored by hicexplorer because it exceeded search pattern filesize limit: F3D9_S197_L001_R2_001_fastqc.html
[2025-11-20 14:44:42,680] multiqc                                            [DEBUG  ]  File ignored by longranger/invocation because it exceeded search pattern filesize limit: F3D9_S197_L001_R2_001_fastqc.html
[2025-11-20 14:44:42,764] multiqc                                            [DEBUG  ]  File ignored by hicexplorer because it exceeded search pattern filesize limit: F3D3_S191_L001_R2_001_fastqc.html
[2025-11-20 14:44:42,767] multiqc                                            [DEBUG  ]  File ignored by longranger/invocation because it exceeded search pattern filesize limit: F3D3_S191_L001_R2_001_fastqc.html
[2025-11-20 14:44:42,857] multiqc                                            [DEBUG  ]  File ignored by hicexplorer because it exceeded search pattern filesize limit: F3D150_S216_L001_R2_001_fastqc.html
[2025-11-20 14:44:42,860] multiqc                                            [DEBUG  ]  File ignored by longranger/invocation because it exceeded search pattern filesize limit: F3D150_S216_L001_R2_001_fastqc.html
[2025-11-20 14:44:42,949] multiqc                                            [DEBUG  ]  File ignored by hicexplorer because it exceeded search pattern filesize limit: F3D141_S207_L001_R1_001_fastqc.html
[2025-11-20 14:44:42,952] multiqc                                            [DEBUG  ]  File ignored by longranger/invocation because it exceeded search pattern filesize limit: F3D141_S207_L001_R1_001_fastqc.html
[2025-11-20 14:44:43,040] multiqc                                            [DEBUG  ]  File ignored by hicexplorer because it exceeded search pattern filesize limit: F3D5_S193_L001_R1_001_fastqc.html
[2025-11-20 14:44:43,043] multiqc                                            [DEBUG  ]  File ignored by longranger/invocation because it exceeded search pattern filesize limit: F3D5_S193_L001_R1_001_fastqc.html
[2025-11-20 14:44:43,130] multiqc                                            [DEBUG  ]  File ignored by hicexplorer because it exceeded search pattern filesize limit: F3D141_S207_L001_R2_001_fastqc.html
[2025-11-20 14:44:43,133] multiqc                                            [DEBUG  ]  File ignored by longranger/invocation because it exceeded search pattern filesize limit: F3D141_S207_L001_R2_001_fastqc.html
[2025-11-20 14:44:43,221] multiqc                                            [DEBUG  ]  File ignored by hicexplorer because it exceeded search pattern filesize limit: F3D0_S188_L001_R1_001_fastqc.html
[2025-11-20 14:44:43,224] multiqc                                            [DEBUG  ]  File ignored by longranger/invocation because it exceeded search pattern filesize limit: F3D0_S188_L001_R1_001_fastqc.html
[2025-11-20 14:44:43,305] multiqc                                            [DEBUG  ]  File ignored by hicexplorer because it exceeded search pattern filesize limit: Mock_S280_L001_R1_001_fastqc.html
[2025-11-20 14:44:43,308] multiqc                                            [DEBUG  ]  File ignored by longranger/invocation because it exceeded search pattern filesize limit: Mock_S280_L001_R1_001_fastqc.html
[2025-11-20 14:44:43,398] multiqc                                            [DEBUG  ]  File ignored by hicexplorer because it exceeded search pattern filesize limit: F3D2_S190_L001_R1_001_fastqc.html
[2025-11-20 14:44:43,401] multiqc                                            [DEBUG  ]  File ignored by longranger/invocation because it exceeded search pattern filesize limit: F3D2_S190_L001_R1_001_fastqc.html
[2025-11-20 14:44:43,489] multiqc                                            [DEBUG  ]  File ignored by hicexplorer because it exceeded search pattern filesize limit: F3D145_S211_L001_R2_001_fastqc.html
[2025-11-20 14:44:43,492] multiqc                                            [DEBUG  ]  File ignored by longranger/invocation because it exceeded search pattern filesize limit: F3D145_S211_L001_R2_001_fastqc.html
[2025-11-20 14:44:43,583] multiqc                                            [DEBUG  ]  File ignored by hicexplorer because it exceeded search pattern filesize limit: Mock_S280_L001_R2_001_fastqc.html
[2025-11-20 14:44:43,586] multiqc                                            [DEBUG  ]  File ignored by longranger/invocation because it exceeded search pattern filesize limit: Mock_S280_L001_R2_001_fastqc.html
[2025-11-20 14:44:43,672] multiqc                                            [DEBUG  ]  File ignored by hicexplorer because it exceeded search pattern filesize limit: F3D143_S209_L001_R1_001_fastqc.html
[2025-11-20 14:44:43,675] multiqc                                            [DEBUG  ]  File ignored by longranger/invocation because it exceeded search pattern filesize limit: F3D143_S209_L001_R1_001_fastqc.html
[2025-11-20 14:44:43,765] multiqc                                            [DEBUG  ]  File ignored by hicexplorer because it exceeded search pattern filesize limit: F3D1_S189_L001_R2_001_fastqc.html
[2025-11-20 14:44:43,768] multiqc                                            [DEBUG  ]  File ignored by longranger/invocation because it exceeded search pattern filesize limit: F3D1_S189_L001_R2_001_fastqc.html
[2025-11-20 14:44:43,842] multiqc                                            [DEBUG  ]  File ignored by hicexplorer because it exceeded search pattern filesize limit: F3D7_S195_L001_R2_001_fastqc.html
[2025-11-20 14:44:43,851] multiqc                                            [DEBUG  ]  File ignored by longranger/invocation because it exceeded search pattern filesize limit: F3D7_S195_L001_R2_001_fastqc.html
[2025-11-20 14:44:43,922] multiqc                                            [DEBUG  ]  File ignored by hicexplorer because it exceeded search pattern filesize limit: F3D6_S194_L001_R2_001_fastqc.html
[2025-11-20 14:44:43,924] multiqc                                            [DEBUG  ]  File ignored by longranger/invocation because it exceeded search pattern filesize limit: F3D6_S194_L001_R2_001_fastqc.html
[2025-11-20 14:44:43,991] multiqc                                            [DEBUG  ]  File ignored by hicexplorer because it exceeded search pattern filesize limit: F3D5_S193_L001_R2_001_fastqc.html
[2025-11-20 14:44:43,993] multiqc                                            [DEBUG  ]  File ignored by longranger/invocation because it exceeded search pattern filesize limit: F3D5_S193_L001_R2_001_fastqc.html
[2025-11-20 14:44:44,066] multiqc                                            [DEBUG  ]  File ignored by hicexplorer because it exceeded search pattern filesize limit: F3D142_S208_L001_R1_001_fastqc.html
[2025-11-20 14:44:44,068] multiqc                                            [DEBUG  ]  File ignored by longranger/invocation because it exceeded search pattern filesize limit: F3D142_S208_L001_R1_001_fastqc.html
[2025-11-20 14:44:44,137] multiqc                                            [DEBUG  ]  File ignored by hicexplorer because it exceeded search pattern filesize limit: F3D149_S215_L001_R1_001_fastqc.html
[2025-11-20 14:44:44,140] multiqc                                            [DEBUG  ]  File ignored by longranger/invocation because it exceeded search pattern filesize limit: F3D149_S215_L001_R1_001_fastqc.html
[2025-11-20 14:44:44,212] multiqc                                            [DEBUG  ]  File ignored by hicexplorer because it exceeded search pattern filesize limit: F3D147_S213_L001_R2_001_fastqc.html
[2025-11-20 14:44:44,215] multiqc                                            [DEBUG  ]  File ignored by longranger/invocation because it exceeded search pattern filesize limit: F3D147_S213_L001_R2_001_fastqc.html
[2025-11-20 14:44:44,283] multiqc                                            [DEBUG  ]  File ignored by hicexplorer because it exceeded search pattern filesize limit: F3D144_S210_L001_R1_001_fastqc.html
[2025-11-20 14:44:44,285] multiqc                                            [DEBUG  ]  File ignored by longranger/invocation because it exceeded search pattern filesize limit: F3D144_S210_L001_R1_001_fastqc.html
[2025-11-20 14:44:44,354] multiqc                                            [DEBUG  ]  File ignored by hicexplorer because it exceeded search pattern filesize limit: F3D148_S214_L001_R2_001_fastqc.html
[2025-11-20 14:44:44,357] multiqc                                            [DEBUG  ]  File ignored by longranger/invocation because it exceeded search pattern filesize limit: F3D148_S214_L001_R2_001_fastqc.html
[2025-11-20 14:44:44,429] multiqc                                            [DEBUG  ]  File ignored by hicexplorer because it exceeded search pattern filesize limit: F3D2_S190_L001_R2_001_fastqc.html
[2025-11-20 14:44:44,432] multiqc                                            [DEBUG  ]  File ignored by longranger/invocation because it exceeded search pattern filesize limit: F3D2_S190_L001_R2_001_fastqc.html
[2025-11-20 14:44:44,505] multiqc                                            [DEBUG  ]  File ignored by hicexplorer because it exceeded search pattern filesize limit: F3D8_S196_L001_R1_001_fastqc.html
[2025-11-20 14:44:44,508] multiqc                                            [DEBUG  ]  File ignored by longranger/invocation because it exceeded search pattern filesize limit: F3D8_S196_L001_R1_001_fastqc.html
[2025-11-20 14:44:44,575] multiqc                                            [DEBUG  ]  File ignored by hicexplorer because it exceeded search pattern filesize limit: F3D146_S212_L001_R1_001_fastqc.html
[2025-11-20 14:44:44,578] multiqc                                            [DEBUG  ]  File ignored by longranger/invocation because it exceeded search pattern filesize limit: F3D146_S212_L001_R1_001_fastqc.html
[2025-11-20 14:44:44,647] multiqc                                            [DEBUG  ]  File ignored by hicexplorer because it exceeded search pattern filesize limit: F3D146_S212_L001_R2_001_fastqc.html
[2025-11-20 14:44:44,649] multiqc                                            [DEBUG  ]  File ignored by longranger/invocation because it exceeded search pattern filesize limit: F3D146_S212_L001_R2_001_fastqc.html
[2025-11-20 14:44:44,723] multiqc                                            [DEBUG  ]  File ignored by hicexplorer because it exceeded search pattern filesize limit: F3D3_S191_L001_R1_001_fastqc.html
[2025-11-20 14:44:44,725] multiqc                                            [DEBUG  ]  File ignored by longranger/invocation because it exceeded search pattern filesize limit: F3D3_S191_L001_R1_001_fastqc.html
[2025-11-20 14:44:44,793] multiqc                                            [DEBUG  ]  File ignored by hicexplorer because it exceeded search pattern filesize limit: F3D9_S197_L001_R1_001_fastqc.html
[2025-11-20 14:44:44,795] multiqc                                            [DEBUG  ]  File ignored by longranger/invocation because it exceeded search pattern filesize limit: F3D9_S197_L001_R1_001_fastqc.html
[2025-11-20 14:44:44,865] multiqc                                            [DEBUG  ]  File ignored by hicexplorer because it exceeded search pattern filesize limit: F3D143_S209_L001_R2_001_fastqc.html
[2025-11-20 14:44:44,868] multiqc                                            [DEBUG  ]  File ignored by longranger/invocation because it exceeded search pattern filesize limit: F3D143_S209_L001_R2_001_fastqc.html
[2025-11-20 14:44:44,940] multiqc                                            [DEBUG  ]  File ignored by hicexplorer because it exceeded search pattern filesize limit: F3D7_S195_L001_R1_001_fastqc.html
[2025-11-20 14:44:44,942] multiqc                                            [DEBUG  ]  File ignored by longranger/invocation because it exceeded search pattern filesize limit: F3D7_S195_L001_R1_001_fastqc.html
[2025-11-20 14:44:45,013] multiqc                                            [DEBUG  ]  File ignored by hicexplorer because it exceeded search pattern filesize limit: F3D145_S211_L001_R1_001_fastqc.html
[2025-11-20 14:44:45,017] multiqc                                            [DEBUG  ]  File ignored by longranger/invocation because it exceeded search pattern filesize limit: F3D145_S211_L001_R1_001_fastqc.html
[2025-11-20 14:44:45,089] multiqc                                            [DEBUG  ]  File ignored by hicexplorer because it exceeded search pattern filesize limit: F3D144_S210_L001_R2_001_fastqc.html
[2025-11-20 14:44:45,091] multiqc                                            [DEBUG  ]  File ignored by longranger/invocation because it exceeded search pattern filesize limit: F3D144_S210_L001_R2_001_fastqc.html
[2025-11-20 14:44:45,762] multiqc.plots.bargraph                             [DEBUG  ]  Using matplotlib version 3.4.1
[2025-11-20 14:44:45,763] multiqc.plots.linegraph                            [DEBUG  ]  Using matplotlib version 3.4.1
[2025-11-20 14:44:45,764] multiqc                                            [DEBUG  ]  No samples found: custom_content
[2025-11-20 14:44:45,770] multiqc                                            [DEBUG  ]  No samples found: ngsderive
[2025-11-20 14:44:45,776] multiqc                                            [DEBUG  ]  No samples found: purple
[2025-11-20 14:44:45,785] multiqc                                            [DEBUG  ]  No samples found: conpair
[2025-11-20 14:44:45,793] multiqc                                            [DEBUG  ]  No samples found: peddy
[2025-11-20 14:44:45,799] multiqc                                            [DEBUG  ]  No samples found: somalier
[2025-11-20 14:44:45,805] multiqc                                            [DEBUG  ]  No samples found: methylQA
[2025-11-20 14:44:45,813] multiqc                                            [DEBUG  ]  No samples found: mosdepth
[2025-11-20 14:44:45,819] multiqc                                            [DEBUG  ]  No samples found: phantompeakqualtools
[2025-11-20 14:44:45,825] multiqc                                            [DEBUG  ]  No samples found: qualimap
[2025-11-20 14:44:45,831] multiqc                                            [DEBUG  ]  No samples found: preseq
[2025-11-20 14:44:45,838] multiqc                                            [DEBUG  ]  No samples found: quast
[2025-11-20 14:44:45,844] multiqc                                            [DEBUG  ]  No samples found: qorts
[2025-11-20 14:44:45,850] multiqc                                            [DEBUG  ]  No samples found: rna_seqc
[2025-11-20 14:44:45,856] multiqc                                            [DEBUG  ]  No samples found: rockhopper
[2025-11-20 14:44:45,864] multiqc                                            [DEBUG  ]  No samples found: rsem
[2025-11-20 14:44:45,874] multiqc                                            [DEBUG  ]  No samples found: rseqc
[2025-11-20 14:44:45,880] multiqc                                            [DEBUG  ]  No samples found: busco
[2025-11-20 14:44:45,886] multiqc                                            [DEBUG  ]  No samples found: goleft_indexcov
[2025-11-20 14:44:45,893] multiqc                                            [DEBUG  ]  No samples found: disambiguate
[2025-11-20 14:44:45,899] multiqc                                            [DEBUG  ]  No samples found: supernova
[2025-11-20 14:44:45,909] multiqc                                            [DEBUG  ]  No samples found: deeptools
[2025-11-20 14:44:45,916] multiqc                                            [DEBUG  ]  No samples found: sargasso
[2025-11-20 14:44:45,927] multiqc                                            [DEBUG  ]  No samples found: verifybamid
[2025-11-20 14:44:45,933] multiqc                                            [DEBUG  ]  No samples found: mirtrace
[2025-11-20 14:44:45,940] multiqc                                            [DEBUG  ]  No samples found: happy
[2025-11-20 14:44:45,946] multiqc                                            [DEBUG  ]  No samples found: mirtop
[2025-11-20 14:44:45,954] multiqc                                            [DEBUG  ]  No samples found: homer
[2025-11-20 14:44:45,960] multiqc                                            [DEBUG  ]  No samples found: hops
[2025-11-20 14:44:45,966] multiqc                                            [DEBUG  ]  No samples found: macs2
[2025-11-20 14:44:45,972] multiqc                                            [DEBUG  ]  No samples found: theta2
[2025-11-20 14:44:45,979] multiqc                                            [DEBUG  ]  No samples found: snpeff
[2025-11-20 14:44:45,986] multiqc                                            [DEBUG  ]  No samples found: gatk
[2025-11-20 14:44:45,992] multiqc                                            [DEBUG  ]  No samples found: htseq
[2025-11-20 14:44:45,998] multiqc                                            [DEBUG  ]  No samples found: bcftools
[2025-11-20 14:44:46,005] multiqc                                            [DEBUG  ]  No samples found: featureCounts
[2025-11-20 14:44:46,014] multiqc                                            [DEBUG  ]  No samples found: fgbio
[2025-11-20 14:44:46,025] multiqc                                            [DEBUG  ]  No samples found: dragen
[2025-11-20 14:44:46,031] multiqc                                            [DEBUG  ]  No samples found: dedup
[2025-11-20 14:44:46,037] multiqc                                            [DEBUG  ]  No samples found: damageprofiler
[2025-11-20 14:44:46,052] multiqc                                            [DEBUG  ]  No samples found: biobambam2
[2025-11-20 14:44:46,059] multiqc                                            [DEBUG  ]  No samples found: jcvi
[2025-11-20 14:44:46,065] multiqc                                            [DEBUG  ]  No samples found: mtnucratio
[2025-11-20 14:44:46,070] multiqc                                            [DEBUG  ]  No samples found: picard
[2025-11-20 14:44:46,078] multiqc                                            [DEBUG  ]  No samples found: sentieon
[2025-11-20 14:44:46,084] multiqc                                            [DEBUG  ]  No samples found: prokka
[2025-11-20 14:44:46,091] multiqc                                            [DEBUG  ]  No samples found: qc3C
[2025-11-20 14:44:46,097] multiqc                                            [DEBUG  ]  No samples found: samblaster
[2025-11-20 14:44:46,105] multiqc                                            [DEBUG  ]  No samples found: samtools
[2025-11-20 14:44:46,111] multiqc                                            [DEBUG  ]  No samples found: sexdeterrmine
[2025-11-20 14:44:46,117] multiqc                                            [DEBUG  ]  No samples found: eigenstratdatabasetools
[2025-11-20 14:44:46,124] multiqc                                            [DEBUG  ]  No samples found: bamtools
[2025-11-20 14:44:46,130] multiqc                                            [DEBUG  ]  No samples found: jellyfish
[2025-11-20 14:44:46,138] multiqc                                            [DEBUG  ]  No samples found: vcftools
[2025-11-20 14:44:46,144] multiqc                                            [DEBUG  ]  No samples found: longranger
[2025-11-20 14:44:46,150] multiqc                                            [DEBUG  ]  No samples found: stacks
[2025-11-20 14:44:46,156] multiqc                                            [DEBUG  ]  No samples found: varscan2
[2025-11-20 14:44:46,167] multiqc                                            [DEBUG  ]  No samples found: bbmap
[2025-11-20 14:44:46,173] multiqc                                            [DEBUG  ]  No samples found: bismark
[2025-11-20 14:44:46,179] multiqc                                            [DEBUG  ]  No samples found: biscuit
[2025-11-20 14:44:46,186] multiqc                                            [DEBUG  ]  No samples found: hicexplorer
[2025-11-20 14:44:46,192] multiqc                                            [DEBUG  ]  No samples found: hicup
[2025-11-20 14:44:46,198] multiqc                                            [DEBUG  ]  No samples found: hicpro
[2025-11-20 14:44:46,204] multiqc                                            [DEBUG  ]  No samples found: salmon
[2025-11-20 14:44:46,210] multiqc                                            [DEBUG  ]  No samples found: kallisto
[2025-11-20 14:44:46,216] multiqc                                            [DEBUG  ]  No samples found: slamdunk
[2025-11-20 14:44:46,223] multiqc                                            [DEBUG  ]  No samples found: star
[2025-11-20 14:44:46,229] multiqc                                            [DEBUG  ]  No samples found: hisat2
[2025-11-20 14:44:46,235] multiqc                                            [DEBUG  ]  No samples found: tophat
[2025-11-20 14:44:46,242] multiqc                                            [DEBUG  ]  No samples found: bowtie2
[2025-11-20 14:44:46,248] multiqc                                            [DEBUG  ]  No samples found: bowtie1
[2025-11-20 14:44:46,254] multiqc                                            [DEBUG  ]  No samples found: snpsplit
[2025-11-20 14:44:46,260] multiqc                                            [DEBUG  ]  No samples found: kat
[2025-11-20 14:44:46,266] multiqc                                            [DEBUG  ]  No samples found: leehom
[2025-11-20 14:44:46,272] multiqc                                            [DEBUG  ]  No samples found: adapterRemoval
[2025-11-20 14:44:46,278] multiqc                                            [DEBUG  ]  No samples found: clipandmerge
[2025-11-20 14:44:46,284] multiqc                                            [DEBUG  ]  No samples found: cutadapt
[2025-11-20 14:44:46,291] multiqc                                            [DEBUG  ]  No samples found: flexbar
[2025-11-20 14:44:46,297] multiqc                                            [DEBUG  ]  No samples found: kaiju
[2025-11-20 14:44:46,303] multiqc                                            [DEBUG  ]  No samples found: kraken
[2025-11-20 14:44:46,310] multiqc                                            [DEBUG  ]  No samples found: malt
[2025-11-20 14:44:46,316] multiqc                                            [DEBUG  ]  No samples found: trimmomatic
[2025-11-20 14:44:46,322] multiqc                                            [DEBUG  ]  No samples found: sickle
[2025-11-20 14:44:46,328] multiqc                                            [DEBUG  ]  No samples found: skewer
[2025-11-20 14:44:46,334] multiqc                                            [DEBUG  ]  No samples found: sortmerna
[2025-11-20 14:44:46,340] multiqc                                            [DEBUG  ]  No samples found: biobloomtools
[2025-11-20 14:44:46,346] multiqc                                            [DEBUG  ]  No samples found: fastq_screen
[2025-11-20 14:44:46,353] multiqc                                            [DEBUG  ]  No samples found: afterqc
[2025-11-20 14:44:46,359] multiqc                                            [DEBUG  ]  No samples found: fastp
[2025-11-20 14:44:46,806] multiqc.modules.fastqc.fastqc                      [INFO   ]  Found 40 reports
[2025-11-20 14:44:47,430] multiqc                                            [DEBUG  ]  No samples found: pychopper
[2025-11-20 14:44:47,436] multiqc                                            [DEBUG  ]  No samples found: pycoqc
[2025-11-20 14:44:47,443] multiqc                                            [DEBUG  ]  No samples found: minionqc
[2025-11-20 14:44:47,449] multiqc                                            [DEBUG  ]  No samples found: multivcfanalyzer
[2025-11-20 14:44:47,456] multiqc                                            [DEBUG  ]  No samples found: clusterflow
[2025-11-20 14:44:47,463] multiqc                                            [DEBUG  ]  No samples found: bcl2fastq
[2025-11-20 14:44:47,469] multiqc                                            [DEBUG  ]  No samples found: interop
[2025-11-20 14:44:47,475] multiqc                                            [DEBUG  ]  No samples found: ivar
[2025-11-20 14:44:47,481] multiqc                                            [DEBUG  ]  No samples found: flash
[2025-11-20 14:44:47,487] multiqc                                            [DEBUG  ]  No samples found: seqyclean
[2025-11-20 14:44:47,493] multiqc                                            [DEBUG  ]  No samples found: optitype
[2025-11-20 14:44:47,557] multiqc                                            [INFO   ]  Compressing plot data
[2025-11-20 14:44:48,100] multiqc                                            [INFO   ]  Report      : multiqc_report.html
[2025-11-20 14:44:48,100] multiqc                                            [INFO   ]  Data        : multiqc_data
[2025-11-20 14:44:48,100] multiqc                                            [DEBUG  ]  Moving data file from '/tmp/tmpph2u_dnj/multiqc_data' to '/home/cbm/Documents/curso_CCC/CursoCSIC/2025/dia5/fastqc/multiqc_data'
[2025-11-20 14:44:48,256] multiqc                                            [INFO   ]  MultiQC complete
