[2025-11-25 20:39:10,094] multiqc                                            [DEBUG  ]  No MultiQC config found: /home/cbm/software/miniconda3/envs/NGSTools/lib/python3.7/site-packages/multiqc_config.yaml
[2025-11-25 20:39:10,094] multiqc                                            [DEBUG  ]  No MultiQC config found: /home/cbm/.multiqc_config.yaml
[2025-11-25 20:39:10,094] multiqc                                            [DEBUG  ]  No MultiQC config found: multiqc_config.yaml
[2025-11-25 20:39:10,094] multiqc                                            [DEBUG  ]  Command used: /home/cbm/software/miniconda3/envs/NGSTools/bin/multiqc .
[2025-11-25 20:39:10,642] multiqc                                            [WARNING]  MultiQC Version v1.32 now available!
[2025-11-25 20:39:10,642] multiqc                                            [INFO   ]  This is MultiQC v1.10.1
[2025-11-25 20:39:10,642] multiqc                                            [DEBUG  ]  Command     : /home/cbm/software/miniconda3/envs/NGSTools/bin/multiqc .
[2025-11-25 20:39:10,642] multiqc                                            [DEBUG  ]  Working dir : /home/cbm/Desktop/Otros/GitHub_enlaces/variants/dia2/bwa
[2025-11-25 20:39:10,642] multiqc                                            [INFO   ]  Template    : default
[2025-11-25 20:39:10,642] multiqc                                            [DEBUG  ]  Running Python 3.7.10 | packaged by conda-forge | (default, Feb 19 2021, 16:07:37)  [GCC 9.3.0]
[2025-11-25 20:39:10,643] multiqc                                            [INFO   ]  Searching   : /home/cbm/Desktop/Otros/GitHub_enlaces/variants/dia2/bwa
[2025-11-25 20:39:10,643] multiqc                                            [DEBUG  ]  Analysing modules: custom_content, ngsderive, purple, conpair, peddy, somalier, methylQA, mosdepth, phantompeakqualtools, qualimap, preseq, quast, qorts, rna_seqc, rockhopper, rsem, rseqc, busco, goleft_indexcov, disambiguate, supernova, deeptools, sargasso, verifybamid, mirtrace, happy, mirtop, homer, hops, macs2, theta2, snpeff, gatk, htseq, bcftools, featureCounts, fgbio, dragen, dedup, damageprofiler, biobambam2, jcvi, mtnucratio, picard, sentieon, prokka, qc3C, samblaster, samtools, sexdeterrmine, eigenstratdatabasetools, bamtools, jellyfish, vcftools, longranger, stacks, varscan2, bbmap, bismark, biscuit, hicexplorer, hicup, hicpro, salmon, kallisto, slamdunk, star, hisat2, tophat, bowtie2, bowtie1, snpsplit, kat, leehom, adapterRemoval, clipandmerge, cutadapt, flexbar, kaiju, kraken, malt, trimmomatic, sickle, skewer, sortmerna, biobloomtools, fastq_screen, afterqc, fastp, fastqc, pychopper, pycoqc, minionqc, multivcfanalyzer, clusterflow, bcl2fastq, interop, ivar, flash, seqyclean, optitype
[2025-11-25 20:39:10,643] multiqc                                            [DEBUG  ]  Using temporary directory for creating report: /tmp/tmpr_psrfaq
[2025-11-25 20:39:10,770] multiqc                                            [DEBUG  ]  Ignoring file as matched an ignore pattern: sensitive.sam
[2025-11-25 20:39:10,809] multiqc                                            [DEBUG  ]  File ignored by hicexplorer because it exceeded search pattern filesize limit: mtu.fasta.pac
[2025-11-25 20:39:10,811] multiqc                                            [DEBUG  ]  File ignored by longranger/invocation because it exceeded search pattern filesize limit: mtu.fasta.pac
[2025-11-25 20:39:10,811] multiqc                                            [DEBUG  ]  File ignored by rockhopper because it exceeded search pattern filesize limit: mtu.fasta.pac
[2025-11-25 20:39:10,811] multiqc                                            [DEBUG  ]  File ignored by rseqc/bam_stat because it exceeded search pattern filesize limit: mtu.fasta.pac
[2025-11-25 20:39:10,811] multiqc                                            [DEBUG  ]  File ignored by rseqc/junction_annotation because it exceeded search pattern filesize limit: mtu.fasta.pac
[2025-11-25 20:39:10,812] multiqc                                            [DEBUG  ]  File ignored by rseqc/read_distribution because it exceeded search pattern filesize limit: mtu.fasta.pac
[2025-11-25 20:39:10,812] multiqc                                            [DEBUG  ]  File ignored by rseqc/infer_experiment because it exceeded search pattern filesize limit: mtu.fasta.pac
[2025-11-25 20:39:10,812] multiqc                                            [DEBUG  ]  File ignored by stacks/sumstats because it exceeded search pattern filesize limit: mtu.fasta.pac
[2025-11-25 20:39:10,819] multiqc                                            [DEBUG  ]  File ignored by hicexplorer because it exceeded search pattern filesize limit: sensitive_sorted.stats
[2025-11-25 20:39:10,821] multiqc                                            [DEBUG  ]  File ignored by longranger/invocation because it exceeded search pattern filesize limit: sensitive_sorted.stats
[2025-11-25 20:39:10,961] multiqc                                            [DEBUG  ]  Ignoring file as matched an ignore pattern: resistant.sam
[2025-11-25 20:39:10,961] multiqc                                            [DEBUG  ]  Ignoring file as matched an ignore pattern: sensitive.bam
[2025-11-25 20:39:10,961] multiqc                                            [DEBUG  ]  Ignoring file as matched an ignore pattern: resistant_sorted.bam
[2025-11-25 20:39:10,962] multiqc                                            [DEBUG  ]  Ignoring file as matched an ignore pattern: sensitive_sorted.bam
[2025-11-25 20:39:10,962] multiqc                                            [DEBUG  ]  Ignoring file as matched an ignore pattern: sensitive_sorted.bam.bai
[2025-11-25 20:39:10,980] multiqc                                            [DEBUG  ]  File ignored by hicexplorer because it exceeded search pattern filesize limit: resistant_sorted.stats
[2025-11-25 20:39:10,982] multiqc                                            [DEBUG  ]  File ignored by longranger/invocation because it exceeded search pattern filesize limit: resistant_sorted.stats
[2025-11-25 20:39:11,133] multiqc                                            [DEBUG  ]  Ignoring file as matched an ignore pattern: resistant.bam
[2025-11-25 20:39:11,140] multiqc                                            [DEBUG  ]  File ignored by hicexplorer because it exceeded search pattern filesize limit: mtu.fasta.sa
[2025-11-25 20:39:11,141] multiqc                                            [DEBUG  ]  File ignored by longranger/invocation because it exceeded search pattern filesize limit: mtu.fasta.sa
[2025-11-25 20:39:11,141] multiqc                                            [DEBUG  ]  File ignored by rockhopper because it exceeded search pattern filesize limit: mtu.fasta.sa
[2025-11-25 20:39:11,142] multiqc                                            [DEBUG  ]  File ignored by rseqc/bam_stat because it exceeded search pattern filesize limit: mtu.fasta.sa
[2025-11-25 20:39:11,142] multiqc                                            [DEBUG  ]  File ignored by rseqc/junction_annotation because it exceeded search pattern filesize limit: mtu.fasta.sa
[2025-11-25 20:39:11,142] multiqc                                            [DEBUG  ]  File ignored by rseqc/read_distribution because it exceeded search pattern filesize limit: mtu.fasta.sa
[2025-11-25 20:39:11,142] multiqc                                            [DEBUG  ]  File ignored by rseqc/infer_experiment because it exceeded search pattern filesize limit: mtu.fasta.sa
[2025-11-25 20:39:11,142] multiqc                                            [DEBUG  ]  File ignored by stacks/sumstats because it exceeded search pattern filesize limit: mtu.fasta.sa
[2025-11-25 20:39:11,149] multiqc                                            [DEBUG  ]  File ignored by hicexplorer because it exceeded search pattern filesize limit: mtu.fasta.bwt
[2025-11-25 20:39:11,151] multiqc                                            [DEBUG  ]  File ignored by longranger/invocation because it exceeded search pattern filesize limit: mtu.fasta.bwt
[2025-11-25 20:39:11,151] multiqc                                            [DEBUG  ]  File ignored by rockhopper because it exceeded search pattern filesize limit: mtu.fasta.bwt
[2025-11-25 20:39:11,151] multiqc                                            [DEBUG  ]  File ignored by rseqc/bam_stat because it exceeded search pattern filesize limit: mtu.fasta.bwt
[2025-11-25 20:39:11,151] multiqc                                            [DEBUG  ]  File ignored by rseqc/junction_annotation because it exceeded search pattern filesize limit: mtu.fasta.bwt
[2025-11-25 20:39:11,151] multiqc                                            [DEBUG  ]  File ignored by rseqc/read_distribution because it exceeded search pattern filesize limit: mtu.fasta.bwt
[2025-11-25 20:39:11,151] multiqc                                            [DEBUG  ]  File ignored by rseqc/infer_experiment because it exceeded search pattern filesize limit: mtu.fasta.bwt
[2025-11-25 20:39:11,151] multiqc                                            [DEBUG  ]  File ignored by stacks/sumstats because it exceeded search pattern filesize limit: mtu.fasta.bwt
[2025-11-25 20:39:11,154] multiqc                                            [DEBUG  ]  Ignoring file as matched an ignore pattern: resistant_sorted.bam.bai
[2025-11-25 20:39:11,596] multiqc.plots.bargraph                             [DEBUG  ]  Using matplotlib version 3.4.1
[2025-11-25 20:39:11,597] multiqc.plots.linegraph                            [DEBUG  ]  Using matplotlib version 3.4.1
[2025-11-25 20:39:11,597] multiqc                                            [DEBUG  ]  No samples found: custom_content
[2025-11-25 20:39:11,603] multiqc                                            [DEBUG  ]  No samples found: ngsderive
[2025-11-25 20:39:11,607] multiqc                                            [DEBUG  ]  No samples found: purple
[2025-11-25 20:39:11,613] multiqc                                            [DEBUG  ]  No samples found: conpair
[2025-11-25 20:39:11,618] multiqc                                            [DEBUG  ]  No samples found: peddy
[2025-11-25 20:39:11,622] multiqc                                            [DEBUG  ]  No samples found: somalier
[2025-11-25 20:39:11,627] multiqc                                            [DEBUG  ]  No samples found: methylQA
[2025-11-25 20:39:11,633] multiqc                                            [DEBUG  ]  No samples found: mosdepth
[2025-11-25 20:39:11,638] multiqc                                            [DEBUG  ]  No samples found: phantompeakqualtools
[2025-11-25 20:39:11,643] multiqc                                            [DEBUG  ]  No samples found: qualimap
[2025-11-25 20:39:11,648] multiqc                                            [DEBUG  ]  No samples found: preseq
[2025-11-25 20:39:11,653] multiqc                                            [DEBUG  ]  No samples found: quast
[2025-11-25 20:39:11,658] multiqc                                            [DEBUG  ]  No samples found: qorts
[2025-11-25 20:39:11,663] multiqc                                            [DEBUG  ]  No samples found: rna_seqc
[2025-11-25 20:39:11,668] multiqc                                            [DEBUG  ]  No samples found: rockhopper
[2025-11-25 20:39:11,673] multiqc                                            [DEBUG  ]  No samples found: rsem
[2025-11-25 20:39:11,679] multiqc                                            [DEBUG  ]  No samples found: rseqc
[2025-11-25 20:39:11,684] multiqc                                            [DEBUG  ]  No samples found: busco
[2025-11-25 20:39:11,689] multiqc                                            [DEBUG  ]  No samples found: goleft_indexcov
[2025-11-25 20:39:11,693] multiqc                                            [DEBUG  ]  No samples found: disambiguate
[2025-11-25 20:39:11,698] multiqc                                            [DEBUG  ]  No samples found: supernova
[2025-11-25 20:39:11,705] multiqc                                            [DEBUG  ]  No samples found: deeptools
[2025-11-25 20:39:11,710] multiqc                                            [DEBUG  ]  No samples found: sargasso
[2025-11-25 20:39:11,715] multiqc                                            [DEBUG  ]  No samples found: verifybamid
[2025-11-25 20:39:11,719] multiqc                                            [DEBUG  ]  No samples found: mirtrace
[2025-11-25 20:39:11,724] multiqc                                            [DEBUG  ]  No samples found: happy
[2025-11-25 20:39:11,729] multiqc                                            [DEBUG  ]  No samples found: mirtop
[2025-11-25 20:39:11,734] multiqc                                            [DEBUG  ]  No samples found: homer
[2025-11-25 20:39:11,739] multiqc                                            [DEBUG  ]  No samples found: hops
[2025-11-25 20:39:11,744] multiqc                                            [DEBUG  ]  No samples found: macs2
[2025-11-25 20:39:11,749] multiqc                                            [DEBUG  ]  No samples found: theta2
[2025-11-25 20:39:11,754] multiqc                                            [DEBUG  ]  No samples found: snpeff
[2025-11-25 20:39:11,759] multiqc                                            [DEBUG  ]  No samples found: gatk
[2025-11-25 20:39:11,764] multiqc                                            [DEBUG  ]  No samples found: htseq
[2025-11-25 20:39:11,769] multiqc                                            [DEBUG  ]  No samples found: bcftools
[2025-11-25 20:39:11,774] multiqc                                            [DEBUG  ]  No samples found: featureCounts
[2025-11-25 20:39:11,780] multiqc                                            [DEBUG  ]  No samples found: fgbio
[2025-11-25 20:39:11,787] multiqc                                            [DEBUG  ]  No samples found: dragen
[2025-11-25 20:39:11,792] multiqc                                            [DEBUG  ]  No samples found: dedup
[2025-11-25 20:39:11,797] multiqc                                            [DEBUG  ]  No samples found: damageprofiler
[2025-11-25 20:39:11,806] multiqc                                            [DEBUG  ]  No samples found: biobambam2
[2025-11-25 20:39:11,811] multiqc                                            [DEBUG  ]  No samples found: jcvi
[2025-11-25 20:39:11,816] multiqc                                            [DEBUG  ]  No samples found: mtnucratio
[2025-11-25 20:39:11,820] multiqc                                            [DEBUG  ]  No samples found: picard
[2025-11-25 20:39:11,826] multiqc                                            [DEBUG  ]  No samples found: sentieon
[2025-11-25 20:39:11,830] multiqc                                            [DEBUG  ]  No samples found: prokka
[2025-11-25 20:39:11,835] multiqc                                            [DEBUG  ]  No samples found: qc3C
[2025-11-25 20:39:11,840] multiqc                                            [DEBUG  ]  No samples found: samblaster
[2025-11-25 20:39:11,860] multiqc.modules.samtools.samtools                  [INFO   ]  Found 2 stats reports
[2025-11-25 20:39:11,864] multiqc                                            [DEBUG  ]  No samples found: sexdeterrmine
[2025-11-25 20:39:11,869] multiqc                                            [DEBUG  ]  No samples found: eigenstratdatabasetools
[2025-11-25 20:39:11,874] multiqc                                            [DEBUG  ]  No samples found: bamtools
[2025-11-25 20:39:11,879] multiqc                                            [DEBUG  ]  No samples found: jellyfish
[2025-11-25 20:39:11,884] multiqc                                            [DEBUG  ]  No samples found: vcftools
[2025-11-25 20:39:11,889] multiqc                                            [DEBUG  ]  No samples found: longranger
[2025-11-25 20:39:11,894] multiqc                                            [DEBUG  ]  No samples found: stacks
[2025-11-25 20:39:11,899] multiqc                                            [DEBUG  ]  No samples found: varscan2
[2025-11-25 20:39:11,907] multiqc                                            [DEBUG  ]  No samples found: bbmap
[2025-11-25 20:39:11,912] multiqc                                            [DEBUG  ]  No samples found: bismark
[2025-11-25 20:39:11,917] multiqc                                            [DEBUG  ]  No samples found: biscuit
[2025-11-25 20:39:11,922] multiqc                                            [DEBUG  ]  No samples found: hicexplorer
[2025-11-25 20:39:11,927] multiqc                                            [DEBUG  ]  No samples found: hicup
[2025-11-25 20:39:11,932] multiqc                                            [DEBUG  ]  No samples found: hicpro
[2025-11-25 20:39:11,936] multiqc                                            [DEBUG  ]  No samples found: salmon
[2025-11-25 20:39:11,941] multiqc                                            [DEBUG  ]  No samples found: kallisto
[2025-11-25 20:39:11,946] multiqc                                            [DEBUG  ]  No samples found: slamdunk
[2025-11-25 20:39:11,951] multiqc                                            [DEBUG  ]  No samples found: star
[2025-11-25 20:39:11,956] multiqc                                            [DEBUG  ]  No samples found: hisat2
[2025-11-25 20:39:11,961] multiqc                                            [DEBUG  ]  No samples found: tophat
[2025-11-25 20:39:11,966] multiqc                                            [DEBUG  ]  No samples found: bowtie2
[2025-11-25 20:39:11,970] multiqc                                            [DEBUG  ]  No samples found: bowtie1
[2025-11-25 20:39:11,976] multiqc                                            [DEBUG  ]  No samples found: snpsplit
[2025-11-25 20:39:11,980] multiqc                                            [DEBUG  ]  No samples found: kat
[2025-11-25 20:39:11,985] multiqc                                            [DEBUG  ]  No samples found: leehom
[2025-11-25 20:39:11,990] multiqc                                            [DEBUG  ]  No samples found: adapterRemoval
[2025-11-25 20:39:11,995] multiqc                                            [DEBUG  ]  No samples found: clipandmerge
[2025-11-25 20:39:12,000] multiqc                                            [DEBUG  ]  No samples found: cutadapt
[2025-11-25 20:39:12,004] multiqc                                            [DEBUG  ]  No samples found: flexbar
[2025-11-25 20:39:12,009] multiqc                                            [DEBUG  ]  No samples found: kaiju
[2025-11-25 20:39:12,014] multiqc                                            [DEBUG  ]  No samples found: kraken
[2025-11-25 20:39:12,019] multiqc                                            [DEBUG  ]  No samples found: malt
[2025-11-25 20:39:12,024] multiqc                                            [DEBUG  ]  No samples found: trimmomatic
[2025-11-25 20:39:12,029] multiqc                                            [DEBUG  ]  No samples found: sickle
[2025-11-25 20:39:12,033] multiqc                                            [DEBUG  ]  No samples found: skewer
[2025-11-25 20:39:12,038] multiqc                                            [DEBUG  ]  No samples found: sortmerna
[2025-11-25 20:39:12,044] multiqc                                            [DEBUG  ]  No samples found: biobloomtools
[2025-11-25 20:39:12,049] multiqc                                            [DEBUG  ]  No samples found: fastq_screen
[2025-11-25 20:39:12,054] multiqc                                            [DEBUG  ]  No samples found: afterqc
[2025-11-25 20:39:12,059] multiqc                                            [DEBUG  ]  No samples found: fastp
[2025-11-25 20:39:12,064] multiqc                                            [DEBUG  ]  No samples found: fastqc
[2025-11-25 20:39:12,069] multiqc                                            [DEBUG  ]  No samples found: pychopper
[2025-11-25 20:39:12,074] multiqc                                            [DEBUG  ]  No samples found: pycoqc
[2025-11-25 20:39:12,078] multiqc                                            [DEBUG  ]  No samples found: minionqc
[2025-11-25 20:39:12,083] multiqc                                            [DEBUG  ]  No samples found: multivcfanalyzer
[2025-11-25 20:39:12,088] multiqc                                            [DEBUG  ]  No samples found: clusterflow
[2025-11-25 20:39:12,094] multiqc                                            [DEBUG  ]  No samples found: bcl2fastq
[2025-11-25 20:39:12,099] multiqc                                            [DEBUG  ]  No samples found: interop
[2025-11-25 20:39:12,104] multiqc                                            [DEBUG  ]  No samples found: ivar
[2025-11-25 20:39:12,108] multiqc                                            [DEBUG  ]  No samples found: flash
[2025-11-25 20:39:12,113] multiqc                                            [DEBUG  ]  No samples found: seqyclean
[2025-11-25 20:39:12,118] multiqc                                            [DEBUG  ]  No samples found: optitype
[2025-11-25 20:39:12,124] multiqc                                            [INFO   ]  Compressing plot data
[2025-11-25 20:39:12,132] multiqc                                            [INFO   ]  Report      : multiqc_report.html
[2025-11-25 20:39:12,132] multiqc                                            [INFO   ]  Data        : multiqc_data
[2025-11-25 20:39:12,132] multiqc                                            [DEBUG  ]  Moving data file from '/tmp/tmpr_psrfaq/multiqc_data' to '/home/cbm/Desktop/Otros/GitHub_enlaces/variants/dia2/bwa/multiqc_data'
[2025-11-25 20:39:12,242] multiqc                                            [INFO   ]  MultiQC complete
