[2025-11-25 20:03:27,451] multiqc                                            [DEBUG  ]  No MultiQC config found: /home/cbm/software/miniconda3/envs/NGSTools/lib/python3.7/site-packages/multiqc_config.yaml
[2025-11-25 20:03:27,451] multiqc                                            [DEBUG  ]  No MultiQC config found: /home/cbm/.multiqc_config.yaml
[2025-11-25 20:03:27,452] multiqc                                            [DEBUG  ]  No MultiQC config found: multiqc_config.yaml
[2025-11-25 20:03:27,452] multiqc                                            [DEBUG  ]  Command used: /home/cbm/software/miniconda3/envs/NGSTools/bin/multiqc .
[2025-11-25 20:03:27,978] multiqc                                            [WARNING]  MultiQC Version v1.32 now available!
[2025-11-25 20:03:27,979] multiqc                                            [INFO   ]  This is MultiQC v1.10.1
[2025-11-25 20:03:27,979] multiqc                                            [DEBUG  ]  Command     : /home/cbm/software/miniconda3/envs/NGSTools/bin/multiqc .
[2025-11-25 20:03:27,979] multiqc                                            [DEBUG  ]  Working dir : /home/cbm/Desktop/Otros/GitHub_enlaces/variants/dia2/fastqc
[2025-11-25 20:03:27,979] multiqc                                            [INFO   ]  Template    : default
[2025-11-25 20:03:27,979] multiqc                                            [DEBUG  ]  Running Python 3.7.10 | packaged by conda-forge | (default, Feb 19 2021, 16:07:37)  [GCC 9.3.0]
[2025-11-25 20:03:27,979] multiqc                                            [INFO   ]  Searching   : /home/cbm/Desktop/Otros/GitHub_enlaces/variants/dia2/fastqc
[2025-11-25 20:03:27,979] multiqc                                            [DEBUG  ]  Analysing modules: custom_content, ngsderive, purple, conpair, peddy, somalier, methylQA, mosdepth, phantompeakqualtools, qualimap, preseq, quast, qorts, rna_seqc, rockhopper, rsem, rseqc, busco, goleft_indexcov, disambiguate, supernova, deeptools, sargasso, verifybamid, mirtrace, happy, mirtop, homer, hops, macs2, theta2, snpeff, gatk, htseq, bcftools, featureCounts, fgbio, dragen, dedup, damageprofiler, biobambam2, jcvi, mtnucratio, picard, sentieon, prokka, qc3C, samblaster, samtools, sexdeterrmine, eigenstratdatabasetools, bamtools, jellyfish, vcftools, longranger, stacks, varscan2, bbmap, bismark, biscuit, hicexplorer, hicup, hicpro, salmon, kallisto, slamdunk, star, hisat2, tophat, bowtie2, bowtie1, snpsplit, kat, leehom, adapterRemoval, clipandmerge, cutadapt, flexbar, kaiju, kraken, malt, trimmomatic, sickle, skewer, sortmerna, biobloomtools, fastq_screen, afterqc, fastp, fastqc, pychopper, pycoqc, minionqc, multivcfanalyzer, clusterflow, bcl2fastq, interop, ivar, flash, seqyclean, optitype
[2025-11-25 20:03:27,980] multiqc                                            [DEBUG  ]  Using temporary directory for creating report: /tmp/tmps2xxufan
[2025-11-25 20:03:28,156] multiqc                                            [DEBUG  ]  File ignored by hicexplorer because it exceeded search pattern filesize limit: ERR023197_1_fastqc.html
[2025-11-25 20:03:28,160] multiqc                                            [DEBUG  ]  File ignored by longranger/invocation because it exceeded search pattern filesize limit: ERR023197_1_fastqc.html
[2025-11-25 20:03:28,204] multiqc                                            [DEBUG  ]  File ignored by hicexplorer because it exceeded search pattern filesize limit: ERR023195_2_fastqc.html
[2025-11-25 20:03:28,207] multiqc                                            [DEBUG  ]  File ignored by longranger/invocation because it exceeded search pattern filesize limit: ERR023195_2_fastqc.html
[2025-11-25 20:03:28,250] multiqc                                            [DEBUG  ]  File ignored by hicexplorer because it exceeded search pattern filesize limit: ERR023195_1_fastqc.html
[2025-11-25 20:03:28,253] multiqc                                            [DEBUG  ]  File ignored by longranger/invocation because it exceeded search pattern filesize limit: ERR023195_1_fastqc.html
[2025-11-25 20:03:28,293] multiqc                                            [DEBUG  ]  File ignored by hicexplorer because it exceeded search pattern filesize limit: ERR023197_2_fastqc.html
[2025-11-25 20:03:28,295] multiqc                                            [DEBUG  ]  File ignored by longranger/invocation because it exceeded search pattern filesize limit: ERR023197_2_fastqc.html
[2025-11-25 20:03:28,963] multiqc.plots.bargraph                             [DEBUG  ]  Using matplotlib version 3.4.1
[2025-11-25 20:03:28,964] multiqc.plots.linegraph                            [DEBUG  ]  Using matplotlib version 3.4.1
[2025-11-25 20:03:28,966] multiqc                                            [DEBUG  ]  No samples found: custom_content
[2025-11-25 20:03:28,972] multiqc                                            [DEBUG  ]  No samples found: ngsderive
[2025-11-25 20:03:28,979] multiqc                                            [DEBUG  ]  No samples found: purple
[2025-11-25 20:03:28,985] multiqc                                            [DEBUG  ]  No samples found: conpair
[2025-11-25 20:03:28,991] multiqc                                            [DEBUG  ]  No samples found: peddy
[2025-11-25 20:03:28,998] multiqc                                            [DEBUG  ]  No samples found: somalier
[2025-11-25 20:03:29,004] multiqc                                            [DEBUG  ]  No samples found: methylQA
[2025-11-25 20:03:29,012] multiqc                                            [DEBUG  ]  No samples found: mosdepth
[2025-11-25 20:03:29,018] multiqc                                            [DEBUG  ]  No samples found: phantompeakqualtools
[2025-11-25 20:03:29,025] multiqc                                            [DEBUG  ]  No samples found: qualimap
[2025-11-25 20:03:29,031] multiqc                                            [DEBUG  ]  No samples found: preseq
[2025-11-25 20:03:29,037] multiqc                                            [DEBUG  ]  No samples found: quast
[2025-11-25 20:03:29,044] multiqc                                            [DEBUG  ]  No samples found: qorts
[2025-11-25 20:03:29,050] multiqc                                            [DEBUG  ]  No samples found: rna_seqc
[2025-11-25 20:03:29,056] multiqc                                            [DEBUG  ]  No samples found: rockhopper
[2025-11-25 20:03:29,063] multiqc                                            [DEBUG  ]  No samples found: rsem
[2025-11-25 20:03:29,073] multiqc                                            [DEBUG  ]  No samples found: rseqc
[2025-11-25 20:03:29,079] multiqc                                            [DEBUG  ]  No samples found: busco
[2025-11-25 20:03:29,085] multiqc                                            [DEBUG  ]  No samples found: goleft_indexcov
[2025-11-25 20:03:29,091] multiqc                                            [DEBUG  ]  No samples found: disambiguate
[2025-11-25 20:03:29,098] multiqc                                            [DEBUG  ]  No samples found: supernova
[2025-11-25 20:03:29,108] multiqc                                            [DEBUG  ]  No samples found: deeptools
[2025-11-25 20:03:29,114] multiqc                                            [DEBUG  ]  No samples found: sargasso
[2025-11-25 20:03:29,121] multiqc                                            [DEBUG  ]  No samples found: verifybamid
[2025-11-25 20:03:29,127] multiqc                                            [DEBUG  ]  No samples found: mirtrace
[2025-11-25 20:03:29,134] multiqc                                            [DEBUG  ]  No samples found: happy
[2025-11-25 20:03:29,140] multiqc                                            [DEBUG  ]  No samples found: mirtop
[2025-11-25 20:03:29,147] multiqc                                            [DEBUG  ]  No samples found: homer
[2025-11-25 20:03:29,154] multiqc                                            [DEBUG  ]  No samples found: hops
[2025-11-25 20:03:29,160] multiqc                                            [DEBUG  ]  No samples found: macs2
[2025-11-25 20:03:29,166] multiqc                                            [DEBUG  ]  No samples found: theta2
[2025-11-25 20:03:29,172] multiqc                                            [DEBUG  ]  No samples found: snpeff
[2025-11-25 20:03:29,180] multiqc                                            [DEBUG  ]  No samples found: gatk
[2025-11-25 20:03:29,186] multiqc                                            [DEBUG  ]  No samples found: htseq
[2025-11-25 20:03:29,193] multiqc                                            [DEBUG  ]  No samples found: bcftools
[2025-11-25 20:03:29,199] multiqc                                            [DEBUG  ]  No samples found: featureCounts
[2025-11-25 20:03:29,208] multiqc                                            [DEBUG  ]  No samples found: fgbio
[2025-11-25 20:03:29,220] multiqc                                            [DEBUG  ]  No samples found: dragen
[2025-11-25 20:03:29,226] multiqc                                            [DEBUG  ]  No samples found: dedup
[2025-11-25 20:03:29,232] multiqc                                            [DEBUG  ]  No samples found: damageprofiler
[2025-11-25 20:03:29,247] multiqc                                            [DEBUG  ]  No samples found: biobambam2
[2025-11-25 20:03:29,253] multiqc                                            [DEBUG  ]  No samples found: jcvi
[2025-11-25 20:03:29,260] multiqc                                            [DEBUG  ]  No samples found: mtnucratio
[2025-11-25 20:03:29,265] multiqc                                            [DEBUG  ]  No samples found: picard
[2025-11-25 20:03:29,273] multiqc                                            [DEBUG  ]  No samples found: sentieon
[2025-11-25 20:03:29,279] multiqc                                            [DEBUG  ]  No samples found: prokka
[2025-11-25 20:03:29,286] multiqc                                            [DEBUG  ]  No samples found: qc3C
[2025-11-25 20:03:29,292] multiqc                                            [DEBUG  ]  No samples found: samblaster
[2025-11-25 20:03:29,301] multiqc                                            [DEBUG  ]  No samples found: samtools
[2025-11-25 20:03:29,307] multiqc                                            [DEBUG  ]  No samples found: sexdeterrmine
[2025-11-25 20:03:29,312] multiqc                                            [DEBUG  ]  No samples found: eigenstratdatabasetools
[2025-11-25 20:03:29,318] multiqc                                            [DEBUG  ]  No samples found: bamtools
[2025-11-25 20:03:29,323] multiqc                                            [DEBUG  ]  No samples found: jellyfish
[2025-11-25 20:03:29,330] multiqc                                            [DEBUG  ]  No samples found: vcftools
[2025-11-25 20:03:29,335] multiqc                                            [DEBUG  ]  No samples found: longranger
[2025-11-25 20:03:29,341] multiqc                                            [DEBUG  ]  No samples found: stacks
[2025-11-25 20:03:29,346] multiqc                                            [DEBUG  ]  No samples found: varscan2
[2025-11-25 20:03:29,355] multiqc                                            [DEBUG  ]  No samples found: bbmap
[2025-11-25 20:03:29,361] multiqc                                            [DEBUG  ]  No samples found: bismark
[2025-11-25 20:03:29,366] multiqc                                            [DEBUG  ]  No samples found: biscuit
[2025-11-25 20:03:29,372] multiqc                                            [DEBUG  ]  No samples found: hicexplorer
[2025-11-25 20:03:29,377] multiqc                                            [DEBUG  ]  No samples found: hicup
[2025-11-25 20:03:29,382] multiqc                                            [DEBUG  ]  No samples found: hicpro
[2025-11-25 20:03:29,387] multiqc                                            [DEBUG  ]  No samples found: salmon
[2025-11-25 20:03:29,393] multiqc                                            [DEBUG  ]  No samples found: kallisto
[2025-11-25 20:03:29,398] multiqc                                            [DEBUG  ]  No samples found: slamdunk
[2025-11-25 20:03:29,403] multiqc                                            [DEBUG  ]  No samples found: star
[2025-11-25 20:03:29,409] multiqc                                            [DEBUG  ]  No samples found: hisat2
[2025-11-25 20:03:29,414] multiqc                                            [DEBUG  ]  No samples found: tophat
[2025-11-25 20:03:29,419] multiqc                                            [DEBUG  ]  No samples found: bowtie2
[2025-11-25 20:03:29,424] multiqc                                            [DEBUG  ]  No samples found: bowtie1
[2025-11-25 20:03:29,430] multiqc                                            [DEBUG  ]  No samples found: snpsplit
[2025-11-25 20:03:29,435] multiqc                                            [DEBUG  ]  No samples found: kat
[2025-11-25 20:03:29,440] multiqc                                            [DEBUG  ]  No samples found: leehom
[2025-11-25 20:03:29,445] multiqc                                            [DEBUG  ]  No samples found: adapterRemoval
[2025-11-25 20:03:29,450] multiqc                                            [DEBUG  ]  No samples found: clipandmerge
[2025-11-25 20:03:29,456] multiqc                                            [DEBUG  ]  No samples found: cutadapt
[2025-11-25 20:03:29,461] multiqc                                            [DEBUG  ]  No samples found: flexbar
[2025-11-25 20:03:29,466] multiqc                                            [DEBUG  ]  No samples found: kaiju
[2025-11-25 20:03:29,471] multiqc                                            [DEBUG  ]  No samples found: kraken
[2025-11-25 20:03:29,477] multiqc                                            [DEBUG  ]  No samples found: malt
[2025-11-25 20:03:29,482] multiqc                                            [DEBUG  ]  No samples found: trimmomatic
[2025-11-25 20:03:29,487] multiqc                                            [DEBUG  ]  No samples found: sickle
[2025-11-25 20:03:29,492] multiqc                                            [DEBUG  ]  No samples found: skewer
[2025-11-25 20:03:29,497] multiqc                                            [DEBUG  ]  No samples found: sortmerna
[2025-11-25 20:03:29,502] multiqc                                            [DEBUG  ]  No samples found: biobloomtools
[2025-11-25 20:03:29,508] multiqc                                            [DEBUG  ]  No samples found: fastq_screen
[2025-11-25 20:03:29,513] multiqc                                            [DEBUG  ]  No samples found: afterqc
[2025-11-25 20:03:29,518] multiqc                                            [DEBUG  ]  No samples found: fastp
[2025-11-25 20:03:29,626] multiqc.modules.fastqc.fastqc                      [INFO   ]  Found 4 reports
[2025-11-25 20:03:29,692] multiqc                                            [DEBUG  ]  No samples found: pychopper
[2025-11-25 20:03:29,698] multiqc                                            [DEBUG  ]  No samples found: pycoqc
[2025-11-25 20:03:29,705] multiqc                                            [DEBUG  ]  No samples found: minionqc
[2025-11-25 20:03:29,710] multiqc                                            [DEBUG  ]  No samples found: multivcfanalyzer
[2025-11-25 20:03:29,715] multiqc                                            [DEBUG  ]  No samples found: clusterflow
[2025-11-25 20:03:29,720] multiqc                                            [DEBUG  ]  No samples found: bcl2fastq
[2025-11-25 20:03:29,726] multiqc                                            [DEBUG  ]  No samples found: interop
[2025-11-25 20:03:29,731] multiqc                                            [DEBUG  ]  No samples found: ivar
[2025-11-25 20:03:29,736] multiqc                                            [DEBUG  ]  No samples found: flash
[2025-11-25 20:03:29,742] multiqc                                            [DEBUG  ]  No samples found: seqyclean
[2025-11-25 20:03:29,747] multiqc                                            [DEBUG  ]  No samples found: optitype
[2025-11-25 20:03:29,754] multiqc                                            [INFO   ]  Compressing plot data
[2025-11-25 20:03:29,829] multiqc                                            [INFO   ]  Report      : multiqc_report.html
[2025-11-25 20:03:29,829] multiqc                                            [INFO   ]  Data        : multiqc_data
[2025-11-25 20:03:29,829] multiqc                                            [DEBUG  ]  Moving data file from '/tmp/tmps2xxufan/multiqc_data' to '/home/cbm/Desktop/Otros/GitHub_enlaces/variants/dia2/fastqc/multiqc_data'
[2025-11-25 20:03:29,952] multiqc                                            [INFO   ]  MultiQC complete
